<?xml version="1.0" encoding="UTF-8"?>
<!-- Generated by org.testng.reporters.JUnitReportReporter -->
<testsuite hostname="Akshra" failures="0" tests="1" name="sttprojectecom.sttprojectecom.App2" time="1.521" errors="0" timestamp="2024-10-19T18:38:57 IST" skipped="0">
  <testcase classname="sttprojectecom.sttprojectecom.App2" name="addItemToCartAndTakeScreenshots" time="1.521"/>
</testsuite> <!-- sttprojectecom.sttprojectecom.App2 -->
